# JRE version: OpenJDK Runtime Environment Temurin-21.0.9+10 (21.0.9+10) (build 21.0.9+10-LTS)
# Java VM: OpenJDK 64-Bit Server VM Temurin-21.0.9+10 (21.0.9+10-LTS, mixed mode, sharing, tiered, compressed oops, compressed class ptrs, parallel gc, windows-amd64)
GC Precious Log:
 CardTable entry size: 512
 CPUs: 8 total, 8 available
 Memory: 11982M
 Large Page Support: Disabled
 NUMA Support: Disabled
 Compressed Oops: Enabled (32-bit)
 Alignments: Space 512K, Generation 512K, Heap 2M
 Heap Min Capacity: 100M
 Heap Initial Capacity: 100M
 Heap Max Capacity: 2G
 Pre-touch: Disabled
 Parallel Workers: 8
Heap:
 PSYoungGen      total 7168K, used 6752K [0x00000000d5580000, 0x00000000d6200000, 0x0000000100000000)
  eden space 6144K, 93% used [0x00000000d5580000,0x00000000d5b18110,0x00000000d5b80000)
  from space 1024K, 100% used [0x00000000d5d00000,0x00000000d5e00000,0x00000000d5e00000)
  to   space 2048K, 0% used [0x00000000d6000000,0x00000000d6000000,0x00000000d6200000)
 ParOldGen       total 1060352K, used 1059922K [0x0000000080000000, 0x00000000c0b80000, 0x00000000d5580000)
  object space 1060352K, 99% used [0x0000000080000000,0x00000000c0b14938,0x00000000c0b80000)
 Metaspace       used 86849K, committed 88640K, reserved 1179648K
  class space    used 8865K, committed 9728K, reserved 1048576K
GC Heap History (20 events):
Event: 8274.856 GC heap before
{Heap before GC invocations=1522 (full 5):
 PSYoungGen      total 7680K, used 7232K [0x00000000d5580000, 0x00000000d6200000, 0x0000000100000000)
  eden space 3584K, 100% used [0x00000000d5580000,0x00000000d5900000,0x00000000d5900000)
  from space 4096K, 89% used [0x00000000d5900000,0x00000000d5c90000,0x00000000d5d00000)
  to   space 4096K, 0% used [0x00000000d5e00000,0x00000000d5e00000,0x00000000d6200000)
 ParOldGen       total 986112K, used 985780K [0x0000000080000000, 0x00000000bc300000, 0x00000000d5580000)
  object space 986112K, 99% used [0x0000000080000000,0x00000000bc2ad2a8,0x00000000bc300000)
 Metaspace       used 86813K, committed 88640K, reserved 1179648K
  class space    used 8863K, committed 9728K, reserved 1048576K
}
Event: 8274.864 GC heap after
{Heap after GC invocations=1522 (full 5):
 PSYoungGen      total 8192K, used 3136K [0x00000000d5580000, 0x00000000d6180000, 0x0000000100000000)
  eden space 4608K, 0% used [0x00000000d5580000,0x00000000d5580000,0x00000000d5a00000)
  from space 3584K, 87% used [0x00000000d5e00000,0x00000000d6110000,0x00000000d6180000)
  to   space 3584K, 0% used [0x00000000d5a80000,0x00000000d5a80000,0x00000000d5e00000)
 ParOldGen       total 989696K, used 989300K [0x0000000080000000, 0x00000000bc680000, 0x00000000d5580000)
  object space 989696K, 99% used [0x0000000080000000,0x00000000bc61d2a8,0x00000000bc680000)
 Metaspace       used 86813K, committed 88640K, reserved 1179648K
  class space    used 8863K, committed 9728K, reserved 1048576K
}
Event: 8274.937 GC heap before
{Heap before GC invocations=1523 (full 5):
 PSYoungGen      total 8192K, used 7744K [0x00000000d5580000, 0x00000000d6180000, 0x0000000100000000)
  eden space 4608K, 100% used [0x00000000d5580000,0x00000000d5a00000,0x00000000d5a00000)
  from space 3584K, 87% used [0x00000000d5e00000,0x00000000d6110000,0x00000000d6180000)
  to   space 3584K, 0% used [0x00000000d5a80000,0x00000000d5a80000,0x00000000d5e00000)
 ParOldGen       total 989696K, used 989300K [0x0000000080000000, 0x00000000bc680000, 0x00000000d5580000)
  object space 989696K, 99% used [0x0000000080000000,0x00000000bc61d2a8,0x00000000bc680000)
 Metaspace       used 86813K, committed 88640K, reserved 1179648K
  class space    used 8863K, committed 9728K, reserved 1048576K
}
Event: 8274.948 GC heap after
{Heap after GC invocations=1523 (full 5):
 PSYoungGen      total 8704K, used 3584K [0x00000000d5580000, 0x00000000d6c00000, 0x0000000100000000)
  eden space 5120K, 0% used [0x00000000d5580000,0x00000000d5580000,0x00000000d5a80000)
  from space 3584K, 100% used [0x00000000d5a80000,0x00000000d5e00000,0x00000000d5e00000)
  to   space 8704K, 0% used [0x00000000d6380000,0x00000000d6380000,0x00000000d6c00000)
 ParOldGen       total 993280K, used 993241K [0x0000000080000000, 0x00000000bca00000, 0x00000000d5580000)
  object space 993280K, 99% used [0x0000000080000000,0x00000000bc9f6538,0x00000000bca00000)
 Metaspace       used 86813K, committed 88640K, reserved 1179648K
  class space    used 8863K, committed 9728K, reserved 1048576K
}
Event: 8275.416 GC heap before
{Heap before GC invocations=1524 (full 5):
 PSYoungGen      total 8704K, used 8546K [0x00000000d5580000, 0x00000000d6c00000, 0x0000000100000000)
  eden space 5120K, 96% used [0x00000000d5580000,0x00000000d5a588f8,0x00000000d5a80000)
  from space 3584K, 100% used [0x00000000d5a80000,0x00000000d5e00000,0x00000000d5e00000)
  to   space 8704K, 0% used [0x00000000d6380000,0x00000000d6380000,0x00000000d6c00000)
 ParOldGen       total 993280K, used 993241K [0x0000000080000000, 0x00000000bca00000, 0x00000000d5580000)
  object space 993280K, 99% used [0x0000000080000000,0x00000000bc9f6538,0x00000000bca00000)
 Metaspace       used 86813K, committed 88640K, reserved 1179648K
  class space    used 8863K, committed 9728K, reserved 1048576K
}
Event: 8275.429 GC heap after
{Heap after GC invocations=1524 (full 5):
 PSYoungGen      total 10240K, used 3672K [0x00000000d5580000, 0x00000000d6780000, 0x0000000100000000)
  eden space 6144K, 0% used [0x00000000d5580000,0x00000000d5580000,0x00000000d5b80000)
  from space 4096K, 89% used [0x00000000d6380000,0x00000000d6716030,0x00000000d6780000)
  to   space 5120K, 0% used [0x00000000d5d80000,0x00000000d5d80000,0x00000000d6280000)
 ParOldGen       total 997376K, used 996865K [0x0000000080000000, 0x00000000bce00000, 0x00000000d5580000)
  object space 997376K, 99% used [0x0000000080000000,0x00000000bcd80538,0x00000000bce00000)
 Metaspace       used 86813K, committed 88640K, reserved 1179648K
  class space    used 8863K, committed 9728K, reserved 1048576K
}
Event: 8275.524 GC heap before
{Heap before GC invocations=1525 (full 5):
 PSYoungGen      total 10240K, used 9500K [0x00000000d5580000, 0x00000000d6780000, 0x0000000100000000)
  eden space 6144K, 94% used [0x00000000d5580000,0x00000000d5b31128,0x00000000d5b80000)
  from space 4096K, 89% used [0x00000000d6380000,0x00000000d6716030,0x00000000d6780000)
  to   space 5120K, 0% used [0x00000000d5d80000,0x00000000d5d80000,0x00000000d6280000)
 ParOldGen       total 997376K, used 996865K [0x0000000080000000, 0x00000000bce00000, 0x00000000d5580000)
  object space 997376K, 99% used [0x0000000080000000,0x00000000bcd80538,0x00000000bce00000)
 Metaspace       used 86813K, committed 88640K, reserved 1179648K
  class space    used 8863K, committed 9728K, reserved 1048576K
}
Event: 8275.533 GC heap after
{Heap after GC invocations=1525 (full 5):
 PSYoungGen      total 11264K, used 5107K [0x00000000d5580000, 0x00000000d6c80000, 0x0000000100000000)
  eden space 6144K, 0% used [0x00000000d5580000,0x00000000d5580000,0x00000000d5b80000)
  from space 5120K, 99% used [0x00000000d5d80000,0x00000000d627ccb0,0x00000000d6280000)
  to   space 8704K, 0% used [0x00000000d6400000,0x00000000d6400000,0x00000000d6c80000)
 ParOldGen       total 999936K, used 999593K [0x0000000080000000, 0x00000000bd080000, 0x00000000d5580000)
  object space 999936K, 99% used [0x0000000080000000,0x00000000bd02a598,0x00000000bd080000)
 Metaspace       used 86813K, committed 88640K, reserved 1179648K
  class space    used 8863K, committed 9728K, reserved 1048576K
}
Event: 8275.595 GC heap before
{Heap before GC invocations=1526 (full 5):
 PSYoungGen      total 11264K, used 10747K [0x00000000d5580000, 0x00000000d6c80000, 0x0000000100000000)
  eden space 6144K, 91% used [0x00000000d5580000,0x00000000d5b021b0,0x00000000d5b80000)
  from space 5120K, 99% used [0x00000000d5d80000,0x00000000d627ccb0,0x00000000d6280000)
  to   space 8704K, 0% used [0x00000000d6400000,0x00000000d6400000,0x00000000d6c80000)
 ParOldGen       total 999936K, used 999593K [0x0000000080000000, 0x00000000bd080000, 0x00000000d5580000)
  object space 999936K, 99% used [0x0000000080000000,0x00000000bd02a598,0x00000000bd080000)
 Metaspace       used 86813K, committed 88640K, reserved 1179648K
  class space    used 8863K, committed 9728K, reserved 1048576K
}
Event: 8275.605 GC heap after
{Heap after GC invocations=1526 (full 5):
 PSYoungGen      total 13824K, used 7329K [0x00000000d5580000, 0x00000000d6b80000, 0x0000000100000000)
  eden space 6144K, 0% used [0x00000000d5580000,0x00000000d5580000,0x00000000d5b80000)
  from space 7680K, 95% used [0x00000000d6400000,0x00000000d6b286d0,0x00000000d6b80000)
  to   space 7680K, 0% used [0x00000000d5c80000,0x00000000d5c80000,0x00000000d6400000)
 ParOldGen       total 1005056K, used 1004677K [0x0000000080000000, 0x00000000bd580000, 0x00000000d5580000)
  object space 1005056K, 99% used [0x0000000080000000,0x00000000bd521618,0x00000000bd580000)
 Metaspace       used 86813K, committed 88640K, reserved 1179648K
  class space    used 8863K, committed 9728K, reserved 1048576K
}
Event: 8275.822 GC heap before
{Heap before GC invocations=1527 (full 5):
 PSYoungGen      total 13824K, used 13473K [0x00000000d5580000, 0x00000000d6b80000, 0x0000000100000000)
  eden space 6144K, 100% used [0x00000000d5580000,0x00000000d5b80000,0x00000000d5b80000)
  from space 7680K, 95% used [0x00000000d6400000,0x00000000d6b286d0,0x00000000d6b80000)
  to   space 7680K, 0% used [0x00000000d5c80000,0x00000000d5c80000,0x00000000d6400000)
 ParOldGen       total 1005056K, used 1004677K [0x0000000080000000, 0x00000000bd580000, 0x00000000d5580000)
  object space 1005056K, 99% used [0x0000000080000000,0x00000000bd521618,0x00000000bd580000)
 Metaspace       used 86813K, committed 88640K, reserved 1179648K
  class space    used 8863K, committed 9728K, reserved 1048576K
}
Event: 8275.829 GC heap after
{Heap after GC invocations=1527 (full 5):
 PSYoungGen      total 11776K, used 5582K [0x00000000d5580000, 0x00000000d6880000, 0x0000000100000000)
  eden space 6144K, 0% used [0x00000000d5580000,0x00000000d5580000,0x00000000d5b80000)
  from space 5632K, 99% used [0x00000000d5c80000,0x00000000d61f3950,0x00000000d6200000)
  to   space 6656K, 0% used [0x00000000d6200000,0x00000000d6200000,0x00000000d6880000)
 ParOldGen       total 1010176K, used 1010167K [0x0000000080000000, 0x00000000bda80000, 0x00000000d5580000)
  object space 1010176K, 99% used [0x0000000080000000,0x00000000bda7de80,0x00000000bda80000)
 Metaspace       used 86813K, committed 88640K, reserved 1179648K
  class space    used 8863K, committed 9728K, reserved 1048576K
}
Event: 8275.908 GC heap before
{Heap before GC invocations=1528 (full 5):
 PSYoungGen      total 11776K, used 11726K [0x00000000d5580000, 0x00000000d6880000, 0x0000000100000000)
  eden space 6144K, 100% used [0x00000000d5580000,0x00000000d5b80000,0x00000000d5b80000)
  from space 5632K, 99% used [0x00000000d5c80000,0x00000000d61f3950,0x00000000d6200000)
  to   space 6656K, 0% used [0x00000000d6200000,0x00000000d6200000,0x00000000d6880000)
 ParOldGen       total 1010176K, used 1010167K [0x0000000080000000, 0x00000000bda80000, 0x00000000d5580000)
  object space 1010176K, 99% used [0x0000000080000000,0x00000000bda7de80,0x00000000bda80000)
 Metaspace       used 86813K, committed 88640K, reserved 1179648K
  class space    used 8863K, committed 9728K, reserved 1048576K
}
Event: 8275.916 GC heap after
{Heap after GC invocations=1528 (full 5):
 PSYoungGen      total 12800K, used 6198K [0x00000000d5580000, 0x00000000d6880000, 0x0000000100000000)
  eden space 6144K, 0% used [0x00000000d5580000,0x00000000d5580000,0x00000000d5b80000)
  from space 6656K, 93% used [0x00000000d6200000,0x00000000d680d958,0x00000000d6880000)
  to   space 6656K, 0% used [0x00000000d5b80000,0x00000000d5b80000,0x00000000d6200000)
 ParOldGen       total 1015808K, used 1015578K [0x0000000080000000, 0x00000000be000000, 0x00000000d5580000)
  object space 1015808K, 99% used [0x0000000080000000,0x00000000bdfc6bd8,0x00000000be000000)
 Metaspace       used 86813K, committed 88640K, reserved 1179648K
  class space    used 8863K, committed 9728K, reserved 1048576K
}
Event: 8275.990 GC heap before
{Heap before GC invocations=1529 (full 5):
 PSYoungGen      total 12800K, used 12342K [0x00000000d5580000, 0x00000000d6880000, 0x0000000100000000)
  eden space 6144K, 100% used [0x00000000d5580000,0x00000000d5b80000,0x00000000d5b80000)
  from space 6656K, 93% used [0x00000000d6200000,0x00000000d680d958,0x00000000d6880000)
  to   space 6656K, 0% used [0x00000000d5b80000,0x00000000d5b80000,0x00000000d6200000)
 ParOldGen       total 1015808K, used 1015578K [0x0000000080000000, 0x00000000be000000, 0x00000000d5580000)
  object space 1015808K, 99% used [0x0000000080000000,0x00000000bdfc6bd8,0x00000000be000000)
 Metaspace       used 86813K, committed 88640K, reserved 1179648K
  class space    used 8863K, committed 9728K, reserved 1048576K
}
Event: 8276.001 GC heap after
{Heap after GC invocations=1529 (full 5):
 PSYoungGen      total 11776K, used 5520K [0x00000000d5580000, 0x00000000d6780000, 0x0000000100000000)
  eden space 6144K, 0% used [0x00000000d5580000,0x00000000d5580000,0x00000000d5b80000)
  from space 5632K, 98% used [0x00000000d5b80000,0x00000000d60e4000,0x00000000d6100000)
  to   space 6144K, 0% used [0x00000000d6180000,0x00000000d6180000,0x00000000d6780000)
 ParOldGen       total 1021440K, used 1021410K [0x0000000080000000, 0x00000000be580000, 0x00000000d5580000)
  object space 1021440K, 99% used [0x0000000080000000,0x00000000be578bd8,0x00000000be580000)
 Metaspace       used 86813K, committed 88640K, reserved 1179648K
  class space    used 8863K, committed 9728K, reserved 1048576K
}
Event: 8276.645 GC heap before
{Heap before GC invocations=1530 (full 5):
 PSYoungGen      total 11776K, used 11664K [0x00000000d5580000, 0x00000000d6780000, 0x0000000100000000)
  eden space 6144K, 100% used [0x00000000d5580000,0x00000000d5b80000,0x00000000d5b80000)
  from space 5632K, 98% used [0x00000000d5b80000,0x00000000d60e4000,0x00000000d6100000)
  to   space 6144K, 0% used [0x00000000d6180000,0x00000000d6180000,0x00000000d6780000)
 ParOldGen       total 1021440K, used 1021410K [0x0000000080000000, 0x00000000be580000, 0x00000000d5580000)
  object space 1021440K, 99% used [0x0000000080000000,0x00000000be578bd8,0x00000000be580000)
 Metaspace       used 86815K, committed 88640K, reserved 1179648K
  class space    used 8863K, committed 9728K, reserved 1048576K
}
Event: 8276.657 GC heap after
{Heap after GC invocations=1530 (full 5):
 PSYoungGen      total 9728K, used 3104K [0x00000000d5580000, 0x00000000d6500000, 0x0000000100000000)
  eden space 6144K, 0% used [0x00000000d5580000,0x00000000d5580000,0x00000000d5b80000)
  from space 3584K, 86% used [0x00000000d6180000,0x00000000d6488020,0x00000000d6500000)
  to   space 4096K, 0% used [0x00000000d5d00000,0x00000000d5d00000,0x00000000d6100000)
 ParOldGen       total 1026560K, used 1026322K [0x0000000080000000, 0x00000000bea80000, 0x00000000d5580000)
  object space 1026560K, 99% used [0x0000000080000000,0x00000000bea44bd8,0x00000000bea80000)
 Metaspace       used 86815K, committed 88640K, reserved 1179648K
  class space    used 8863K, committed 9728K, reserved 1048576K
}
Event: 8277.865 GC heap before
{Heap before GC invocations=1531 (full 5):
 PSYoungGen      total 9728K, used 9248K [0x00000000d5580000, 0x00000000d6500000, 0x0000000100000000)
  eden space 6144K, 100% used [0x00000000d5580000,0x00000000d5b80000,0x00000000d5b80000)
  from space 3584K, 86% used [0x00000000d6180000,0x00000000d6488020,0x00000000d6500000)
  to   space 4096K, 0% used [0x00000000d5d00000,0x00000000d5d00000,0x00000000d6100000)
 ParOldGen       total 1058304K, used 1057043K [0x0000000080000000, 0x00000000c0980000, 0x00000000d5580000)
  object space 1058304K, 99% used [0x0000000080000000,0x00000000c0844c08,0x00000000c0980000)
 Metaspace       used 86819K, committed 88640K, reserved 1179648K
  class space    used 8863K, committed 9728K, reserved 1048576K
}
Event: 8277.873 GC heap after
{Heap after GC invocations=1531 (full 5):
 PSYoungGen      total 7168K, used 1024K [0x00000000d5580000, 0x00000000d6200000, 0x0000000100000000)
  eden space 6144K, 0% used [0x00000000d5580000,0x00000000d5580000,0x00000000d5b80000)
  from space 1024K, 100% used [0x00000000d5d00000,0x00000000d5e00000,0x00000000d5e00000)
  to   space 2048K, 0% used [0x00000000d6000000,0x00000000d6000000,0x00000000d6200000)
 ParOldGen       total 1060352K, used 1059922K [0x0000000080000000, 0x00000000c0b80000, 0x00000000d5580000)
  object space 1060352K, 99% used [0x0000000080000000,0x00000000c0b14938,0x00000000c0b80000)
 Metaspace       used 86819K, committed 88640K, reserved 1179648K
  class space    used 8863K, committed 9728K, reserved 1048576K
}

